<?xml version="1.0" encoding="UTF-8"?>
<!-- Generated by org.testng.reporters.JUnitReportReporter -->
<testsuite skipped="0" hostname="ertugrul" name="TestNGTutorials.days.day4" tests="3" failures="0" timestamp="2023-01-05T23:27:17 EET" time="0.000" errors="0">
  <testcase name="webLoginHomeLoan" time="0.000" classname="TestNGTutorials.days.day4"/>
  <system-out/>
  <testcase name="mobileLoginHomeLoan" time="0.000" classname="TestNGTutorials.days.day4"/>
  <system-out/>
  <testcase name="LoginAPIHomeLoan" time="0.000" classname="TestNGTutorials.days.day4"/>
  <system-out/>
</testsuite> <!-- TestNGTutorials.days.day4 -->
