<?xml version="1.0" encoding="UTF-8"?>
<!-- Generated by org.testng.reporters.JUnitReportReporter -->
<testsuite skipped="0" hostname="ertugrul" name="TestNGTutorials.days.day2" tests="1" failures="0" timestamp="2023-01-05T23:27:17 EET" time="0.000" errors="0">
  <testcase name="loan" time="0.000" classname="TestNGTutorials.days.day2"/>
  <system-out/>
</testsuite> <!-- TestNGTutorials.days.day2 -->
