<?xml version="1.0" encoding="UTF-8"?>
<!-- Generated by org.testng.reporters.JUnitReportReporter -->
<testsuite skipped="1" hostname="ertugrul" name="TestNGTutorials.days.day3" tests="5" failures="0" timestamp="2023-01-05T23:27:17 EET" time="0.007" errors="0">
  <testcase name="APICarLoan" time="0.001" classname="TestNGTutorials.days.day3"/>
  <system-out/>
  <testcase name="mobileSignOutCarLoan" time="0.004" classname="TestNGTutorials.days.day3"/>
  <system-out/>
  <testcase name="mobileLoginCarLoan" time="0.002" classname="TestNGTutorials.days.day3"/>
  <system-out/>
  <testcase name="webLoginCarLoan" time="0.000" classname="TestNGTutorials.days.day3"/>
  <system-out/>
  <testcase name="mobileSignInCarLoan" classname="TestNGTutorials.days.day3">
    <skipped/>
  </testcase> <!-- mobileSignInCarLoan -->
  <system-out/>
</testsuite> <!-- TestNGTutorials.days.day3 -->
